<?xml version="1.0" encoding="UTF-8"?>
<!-- Generated by org.testng.reporters.JUnitXMLReporter -->
<testsuite ignored="0" hostname="DESKTOP-6084CDG" failures="1" tests="13" name="Default test" time="17.407" errors="0" timestamp="2024-10-07T15:47:08 CDT">
  <testcase classname="tests.JuiceShopTestsWithTestNG" name="testLogin" time="7.236">
    <failure type="java.lang.AssertionError" message="expected [true] but found [false]">
      <![CDATA[java.lang.AssertionError: expected [true] but found [false]
at org.testng.Assert.fail(Assert.java:111)
at org.testng.Assert.failNotEquals(Assert.java:1578)
at org.testng.Assert.assertTrue(Assert.java:57)
at org.testng.Assert.assertTrue(Assert.java:67)
at tests.JuiceShopTestsWithTestNG.testLogin(JuiceShopTestsWithTestNG.java:64)
at java.base/jdk.internal.reflect.DirectMethodHandleAccessor.invoke(DirectMethodHandleAccessor.java:103)
at java.base/java.lang.reflect.Method.invoke(Method.java:580)
at org.testng.internal.invokers.MethodInvocationHelper.invokeMethod(MethodInvocationHelper.java:141)
at org.testng.internal.invokers.TestInvoker.invokeMethod(TestInvoker.java:686)
at org.testng.internal.invokers.TestInvoker.invokeTestMethod(TestInvoker.java:230)
at org.testng.internal.invokers.MethodRunner.runInSequence(MethodRunner.java:63)
at org.testng.internal.invokers.TestInvoker$MethodInvocationAgent.invoke(TestInvoker.java:992)
at org.testng.internal.invokers.TestInvoker.invokeTestMethods(TestInvoker.java:203)
at org.testng.internal.invokers.TestMethodWorker.invokeTestMethods(TestMethodWorker.java:154)
at org.testng.internal.invokers.TestMethodWorker.run(TestMethodWorker.java:134)
at java.base/java.util.ArrayList.forEach(ArrayList.java:1597)
at org.testng.TestRunner.privateRun(TestRunner.java:739)
at org.testng.TestRunner.run(TestRunner.java:614)
at org.testng.SuiteRunner.runTest(SuiteRunner.java:421)
at org.testng.SuiteRunner.runSequentially(SuiteRunner.java:413)
at org.testng.SuiteRunner.privateRun(SuiteRunner.java:373)
at org.testng.SuiteRunner.run(SuiteRunner.java:312)
at org.testng.SuiteRunnerWorker.runSuite(SuiteRunnerWorker.java:52)
at org.testng.SuiteRunnerWorker.run(SuiteRunnerWorker.java:95)
at org.testng.TestNG.runSuitesSequentially(TestNG.java:1274)
at org.testng.TestNG.runSuitesLocally(TestNG.java:1208)
at org.testng.TestNG.runSuites(TestNG.java:1112)
at org.testng.TestNG.run(TestNG.java:1079)
at org.testng.remote.AbstractRemoteTestNG.run(AbstractRemoteTestNG.java:115)
at org.testng.remote.RemoteTestNG.initAndRun(RemoteTestNG.java:293)
at org.testng.remote.RemoteTestNG.main(RemoteTestNG.java:91)
]]>
    </failure>
  </testcase> <!-- testLogin -->
  <testcase classname="tests.JuiceShopTestsWithTestNG" name="testAddToCart" time="0.0">
    <skipped/>
  </testcase> <!-- testAddToCart -->
  <testcase classname="tests.JuiceShopTestsWithTestNG" name="testIncreaseAllQty" time="0.001">
    <skipped/>
  </testcase> <!-- testIncreaseAllQty -->
  <testcase classname="tests.JuiceShopTestsWithTestNG" name="testCheckout" time="0.0">
    <skipped/>
  </testcase> <!-- testCheckout -->
  <testcase classname="tests.JuiceShopTestsWithTestNG" name="testAddNewAddress" time="0.0">
    <skipped/>
  </testcase> <!-- testAddNewAddress -->
  <testcase classname="tests.JuiceShopTestsWithTestNG" name="testRegisterUser" time="1.139"/>
  <testcase classname="tests.JuiceShopTestsWithTestNG" name="testSelectOneDayDelivery" time="0.0">
    <skipped/>
  </testcase> <!-- testSelectOneDayDelivery -->
  <testcase classname="tests.JuiceShopTestsWithTestNG" name="testMakePayment" time="0.0">
    <skipped/>
  </testcase> <!-- testMakePayment -->
  <testcase classname="tests.JuiceShopTestsWithTestNG" name="testPlaceOrderAndPay" time="0.0">
    <skipped/>
  </testcase> <!-- testPlaceOrderAndPay -->
  <testcase classname="tests.JuiceShopTestsWithTestNG" name="testViewOrderHistory" time="0.001">
    <skipped/>
  </testcase> <!-- testViewOrderHistory -->
  <testcase classname="tests.JuiceShopTestsWithTestNG" name="testPrintOrderConfimation" time="0.0">
    <skipped/>
  </testcase> <!-- testPrintOrderConfimation -->
  <testcase classname="tests.JuiceShopTestsWithTestNG" name="testLogout" time="0.0">
    <skipped/>
  </testcase> <!-- testLogout -->
  <testcase classname="tests.JuiceShopTestsWithTestNG" name="testTrackOrder" time="0.0">
    <skipped/>
  </testcase> <!-- testTrackOrder -->
</testsuite> <!-- Default test -->
